<?xml version="1.0" encoding="UTF-8"?>
<!-- Generated by org.testng.reporters.JUnitReportReporter -->
<testsuite hostname="INHYIYC5587" name="testCases.Framework_001" tests="1" failures="0" timestamp="20 Jun 2017 12:01:01 GMT" time="13.078" errors="0">
  <testcase name="main" time="13.078" classname="testCases.Framework_001"/>
</testsuite> <!-- testCases.Framework_001 -->
